0 info it worked if it ends with ok
1 verbose cli [ '/Users/n9ti/.nvm/versions/node/v6.10.0/bin/node',
1 verbose cli   '/Users/n9ti/.nvm/versions/node/v6.10.0/bin/npm',
1 verbose cli   'run',
1 verbose cli   'e2e' ]
2 info using npm@3.10.10
3 info using node@v6.10.0
4 verbose run-script [ 'pree2e', 'e2e', 'poste2e' ]
5 info lifecycle learn-vue-testing@1.0.0~pree2e: learn-vue-testing@1.0.0
6 silly lifecycle learn-vue-testing@1.0.0~pree2e: no script for pree2e, continuing
7 info lifecycle learn-vue-testing@1.0.0~e2e: learn-vue-testing@1.0.0
8 verbose lifecycle learn-vue-testing@1.0.0~e2e: unsafe-perm in lifecycle true
9 verbose lifecycle learn-vue-testing@1.0.0~e2e: PATH: /Users/n9ti/.nvm/versions/node/v6.10.0/lib/node_modules/npm/bin/node-gyp-bin:/Users/n9ti/Lecture/learn-vue-testing/node_modules/.bin:/Users/n9ti/Lecture/learn-vue-testing/node_modules/.bin:/Users/n9ti/.config/yarn/link/node_modules/.bin:/Users/n9ti/Lecture/learn-vue-testing/node_modules/.bin:/Users/n9ti/.config/yarn/link/node_modules/.bin:/Users/n9ti/.nvm/versions/node/v6.10.0/lib/node_modules/yarn/bin/node-gyp-bin:/Users/n9ti/.nvm/versions/node/v6.10.0/bin:/Users/n9ti/redis/src:/Users/n9ti/mongodb/bin:/usr/local/bin:/usr/bin:/bin:/usr/sbin:/sbin:/usr/local/git/bin
10 verbose lifecycle learn-vue-testing@1.0.0~e2e: CWD: /Users/n9ti/Lecture/learn-vue-testing
11 silly lifecycle learn-vue-testing@1.0.0~e2e: Args: [ '-c', 'node test/e2e/runner.js' ]
12 silly lifecycle learn-vue-testing@1.0.0~e2e: Returned: code: 1  signal: null
13 info lifecycle learn-vue-testing@1.0.0~e2e: Failed to exec e2e script
14 verbose stack Error: learn-vue-testing@1.0.0 e2e: `node test/e2e/runner.js`
14 verbose stack Exit status 1
14 verbose stack     at EventEmitter.<anonymous> (/Users/n9ti/.nvm/versions/node/v6.10.0/lib/node_modules/npm/lib/utils/lifecycle.js:255:16)
14 verbose stack     at emitTwo (events.js:106:13)
14 verbose stack     at EventEmitter.emit (events.js:191:7)
14 verbose stack     at ChildProcess.<anonymous> (/Users/n9ti/.nvm/versions/node/v6.10.0/lib/node_modules/npm/lib/utils/spawn.js:40:14)
14 verbose stack     at emitTwo (events.js:106:13)
14 verbose stack     at ChildProcess.emit (events.js:191:7)
14 verbose stack     at maybeClose (internal/child_process.js:877:16)
14 verbose stack     at Process.ChildProcess._handle.onexit (internal/child_process.js:226:5)
15 verbose pkgid learn-vue-testing@1.0.0
16 verbose cwd /Users/n9ti/Lecture/learn-vue-testing
17 error Darwin 16.5.0
18 error argv "/Users/n9ti/.nvm/versions/node/v6.10.0/bin/node" "/Users/n9ti/.nvm/versions/node/v6.10.0/bin/npm" "run" "e2e"
19 error node v6.10.0
20 error npm  v3.10.10
21 error code ELIFECYCLE
22 error learn-vue-testing@1.0.0 e2e: `node test/e2e/runner.js`
22 error Exit status 1
23 error Failed at the learn-vue-testing@1.0.0 e2e script 'node test/e2e/runner.js'.
23 error Make sure you have the latest version of node.js and npm installed.
23 error If you do, this is most likely a problem with the learn-vue-testing package,
23 error not with npm itself.
23 error Tell the author that this fails on your system:
23 error     node test/e2e/runner.js
23 error You can get information on how to open an issue for this project with:
23 error     npm bugs learn-vue-testing
23 error Or if that isn't available, you can get their info via:
23 error     npm owner ls learn-vue-testing
23 error There is likely additional logging output above.
24 verbose exit [ 1, true ]
